# JRE version: Java(TM) SE Runtime Environment (8.0_201-b09) (build 1.8.0_201-b09)
# Java VM: Java HotSpot(TM) Client VM (25.201-b09 mixed mode windows-x86 )
Heap:
 def new generation   total 15808K, used 5217K [0x03c00000, 0x04d20000, 0x09150000)
  eden space 14080K,  37% used [0x03c00000, 0x04118570, 0x049c0000)
  from space 1728K,   0% used [0x049c0000, 0x049c0000, 0x04b70000)
  to   space 1728K,   0% used [0x04b70000, 0x04b70000, 0x04d20000)
 tenured generation   total 35028K, used 21015K [0x09150000, 0x0b385000, 0x13c00000)
   the space 35028K,  59% used [0x09150000, 0x0a5d5fd0, 0x0a5d6000, 0x0b385000)
 Metaspace       used 2733K, capacity 3112K, committed 3136K, reserved 4480K
GC Heap History (10 events):
Event: 0.393 GC heap before
{Heap before GC invocations=2 (full 0):
 def new generation   total 4928K, used 4928K [0x03c00000, 0x04150000, 0x09150000)
  eden space 4416K, 100% used [0x03c00000, 0x04050000, 0x04050000)
  from space 512K, 100% used [0x04050000, 0x040d0000, 0x040d0000)
  to   space 512K,   0% used [0x040d0000, 0x040d0000, 0x04150000)
 tenured generation   total 10944K, used 4431K [0x09150000, 0x09c00000, 0x13c00000)
   the space 10944K,  40% used [0x09150000, 0x095a3eb8, 0x095a4000, 0x09c00000)
 Metaspace       used 1899K, capacity 2312K, committed 2368K, reserved 4480K
Event: 0.402 GC heap after
Heap after GC invocations=3 (full 0):
 def new generation   total 4928K, used 511K [0x03c00000, 0x04150000, 0x09150000)
  eden space 4416K,   0% used [0x03c00000, 0x03c00000, 0x04050000)
  from space 512K,  99% used [0x040d0000, 0x0414fff8, 0x04150000)
  to   space 512K,   0% used [0x04050000, 0x04050000, 0x040d0000)
 tenured generation   total 10944K, used 7018K [0x09150000, 0x09c00000, 0x13c00000)
   the space 10944K,  64% used [0x09150000, 0x0982ab70, 0x0982ac00, 0x09c00000)
 Metaspace       used 1899K, capacity 2312K, committed 2368K, reserved 4480K
}
Event: 0.423 GC heap before
{Heap before GC invocations=3 (full 0):
 def new generation   total 4928K, used 4927K [0x03c00000, 0x04150000, 0x09150000)
  eden space 4416K, 100% used [0x03c00000, 0x04050000, 0x04050000)
  from space 512K,  99% used [0x040d0000, 0x0414fff8, 0x04150000)
  to   space 512K,   0% used [0x04050000, 0x04050000, 0x040d0000)
 tenured generation   total 10944K, used 7018K [0x09150000, 0x09c00000, 0x13c00000)
   the space 10944K,  64% used [0x09150000, 0x0982ab70, 0x0982ac00, 0x09c00000)
 Metaspace       used 1899K, capacity 2312K, committed 2368K, reserved 4480K
Event: 0.432 GC heap after
Heap after GC invocations=4 (full 0):
 def new generation   total 4928K, used 512K [0x03c00000, 0x04150000, 0x09150000)
  eden space 4416K,   0% used [0x03c00000, 0x03c00000, 0x04050000)
  from space 512K, 100% used [0x04050000, 0x040d0000, 0x040d0000)
  to   space 512K,   0% used [0x040d0000, 0x040d0000, 0x04150000)
 tenured generation   total 10944K, used 9579K [0x09150000, 0x09c00000, 0x13c00000)
   the space 10944K,  87% used [0x09150000, 0x09aaadb8, 0x09aaae00, 0x09c00000)
 Metaspace       used 1899K, capacity 2312K, committed 2368K, reserved 4480K
}
Event: 0.454 GC heap before
{Heap before GC invocations=4 (full 0):
 def new generation   total 4928K, used 4928K [0x03c00000, 0x04150000, 0x09150000)
  eden space 4416K, 100% used [0x03c00000, 0x04050000, 0x04050000)
  from space 512K, 100% used [0x04050000, 0x040d0000, 0x040d0000)
  to   space 512K,   0% used [0x040d0000, 0x040d0000, 0x04150000)
 tenured generation   total 10944K, used 9579K [0x09150000, 0x09c00000, 0x13c00000)
   the space 10944K,  87% used [0x09150000, 0x09aaadb8, 0x09aaae00, 0x09c00000)
 Metaspace       used 1899K, capacity 2312K, committed 2368K, reserved 4480K
Event: 0.486 GC heap after
Heap after GC invocations=5 (full 1):
 def new generation   total 9216K, used 482K [0x03c00000, 0x04600000, 0x09150000)
  eden space 8192K,   5% used [0x03c00000, 0x03c78918, 0x04400000)
  from space 1024K,   0% used [0x04400000, 0x04400000, 0x04500000)
  to   space 1024K,   0% used [0x04500000, 0x04500000, 0x04600000)
 tenured generation   total 20376K, used 12223K [0x09150000, 0x0a536000, 0x13c00000)
   the space 20376K,  59% used [0x09150000, 0x09d3fff0, 0x09d40000, 0x0a536000)
 Metaspace       used 1899K, capacity 2312K, committed 2368K, reserved 4480K
}
Event: 0.527 GC heap before
{Heap before GC invocations=5 (full 1):
 def new generation   total 9216K, used 8192K [0x03c00000, 0x04600000, 0x09150000)
  eden space 8192K, 100% used [0x03c00000, 0x04400000, 0x04400000)
  from space 1024K,   0% used [0x04400000, 0x04400000, 0x04500000)
  to   space 1024K,   0% used [0x04500000, 0x04500000, 0x04600000)
 tenured generation   total 20376K, used 12223K [0x09150000, 0x0a536000, 0x13c00000)
   the space 20376K,  59% used [0x09150000, 0x09d3fff0, 0x09d40000, 0x0a536000)
 Metaspace       used 1899K, capacity 2312K, committed 2368K, reserved 4480K
Event: 0.548 GC heap after
Heap after GC invocations=6 (full 1):
 def new generation   total 9216K, used 1024K [0x03c00000, 0x04600000, 0x09150000)
  eden space 8192K,   0% used [0x03c00000, 0x03c00000, 0x04400000)
  from space 1024K, 100% used [0x04500000, 0x04600000, 0x04600000)
  to   space 1024K,   0% used [0x04400000, 0x04400000, 0x04500000)
 tenured generation   total 20376K, used 16153K [0x09150000, 0x0a536000, 0x13c00000)
   the space 20376K,  79% used [0x09150000, 0x0a116718, 0x0a116800, 0x0a536000)
 Metaspace       used 1899K, capacity 2312K, committed 2368K, reserved 4480K
}
Event: 0.590 GC heap before
{Heap before GC invocations=6 (full 1):
 def new generation   total 9216K, used 9216K [0x03c00000, 0x04600000, 0x09150000)
  eden space 8192K, 100% used [0x03c00000, 0x04400000, 0x04400000)
  from space 1024K, 100% used [0x04500000, 0x04600000, 0x04600000)
  to   space 1024K,   0% used [0x04400000, 0x04400000, 0x04500000)
 tenured generation   total 20376K, used 16153K [0x09150000, 0x0a536000, 0x13c00000)
   the space 20376K,  79% used [0x09150000, 0x0a116718, 0x0a116800, 0x0a536000)
 Metaspace       used 1899K, capacity 2312K, committed 2368K, reserved 4480K
Event: 0.650 GC heap after
Heap after GC invocations=7 (full 2):
 def new generation   total 15808K, used 913K [0x03c00000, 0x04d20000, 0x09150000)
  eden space 14080K,   6% used [0x03c00000, 0x03ce44c0, 0x049c0000)
  from space 1728K,   0% used [0x049c0000, 0x049c0000, 0x04b70000)
  to   space 1728K,   0% used [0x04b70000, 0x04b70000, 0x04d20000)
 tenured generation   total 35028K, used 21015K [0x09150000, 0x0b385000, 0x13c00000)
   the space 35028K,  59% used [0x09150000, 0x0a5d5fd0, 0x0a5d6000, 0x0b385000)
 Metaspace       used 1899K, capacity 2312K, committed 2368K, reserved 4480K
}

